[2023-03-24 00:28:10.418]FilePath:E:\雕刻机\项目\SDK\X64_BslApp5.2.6(20220930)\config\BslCAD.cfg
[2023-03-24 00:28:10.443]FilePath:E:\雕刻机\项目\SDK\X64_BslApp5.2.6(20220930)\config\LmcPar.cfg
[2023-03-24 00:28:10.450]corfile=C:\Windows\system32\sea.cor
[2023-03-24 00:28:10.498]CExecutor::GetDevPathMap size=0
[2023-03-24 21:34:31.501]软件启动
[2023-03-24 21:34:34.002]没有检测到板卡驱动程序,请重新安装板卡驱动 代码:-3
[2023-03-24 21:34:34.133]FilePath:E:\雕刻机\项目\SDK\X64_BslApp5.2.6(20220930)\config\BslCAD.cfg
[2023-03-24 21:34:34.133]FilePath:E:\雕刻机\项目\SDK\X64_BslApp5.2.6(20220930)\config\LmcPar.cfg
[2023-03-24 21:34:34.139]FilePath:E:\雕刻机\项目\SDK\X64_BslApp5.2.6(20220930)\config\BslCustom.cfg
[2023-03-24 21:34:34.143]corfile=E:\雕刻机\项目\SDK\X64_BslApp5.2.6(20220930)\sea.cor
[2023-03-24 21:34:34.231]CExecutor::GetDevPathMap size=0
[2023-03-24 21:34:34.234]registe orz file format succeed...
[2023-03-24 21:34:34.237]registe orzx file format succeed...
[2023-03-24 21:34:36.273]FilePath:E:\雕刻机\项目\SDK\X64_BslApp5.2.6(20220930)\config\DlgPar.cfg
[2023-03-24 21:34:40.510]main frame io test thread exit
[2023-03-24 21:34:41.007]软件退出
[2023-03-24 21:35:34.156]软件启动
[2023-03-24 21:35:36.227]没有检测到板卡驱动程序,请重新安装板卡驱动 代码:-3
[2023-03-24 21:35:36.340]FilePath:E:\雕刻机\项目\SDK\X64_BslApp5.2.6(20220930)\config\BslCAD.cfg
[2023-03-24 21:35:36.341]FilePath:E:\雕刻机\项目\SDK\X64_BslApp5.2.6(20220930)\config\LmcPar.cfg
[2023-03-24 21:35:36.345]FilePath:E:\雕刻机\项目\SDK\X64_BslApp5.2.6(20220930)\config\BslCustom.cfg
[2023-03-24 21:35:36.349]corfile=E:\雕刻机\项目\SDK\X64_BslApp5.2.6(20220930)\sea.cor
[2023-03-24 21:35:36.405]CExecutor::GetDevPathMap size=0
[2023-03-24 21:35:36.406]registe orz file format succeed...
[2023-03-24 21:35:36.410]registe orzx file format succeed...
[2023-03-24 21:35:38.337]FilePath:E:\雕刻机\项目\SDK\X64_BslApp5.2.6(20220930)\config\DlgPar.cfg
[2023-03-24 21:35:41.478]main frame io test thread exit
[2023-03-24 21:35:42.150]软件退出
[2023-03-24 21:40:46.602]FilePath:E:\雕刻机\项目\SDK\X64_BslApp5.2.6(20220930)\config\BslCAD.cfg
[2023-03-24 21:40:46.604]FilePath:E:\雕刻机\项目\SDK\X64_BslApp5.2.6(20220930)\config\LmcPar.cfg
[2023-03-24 21:40:46.641]corfile=E:\雕刻机\项目\SDK\X64_BslApp5.2.6(20220930)\sea.cor
[2023-03-24 21:40:46.658]CExecutor::GetDevPathMap size=0
[2023-03-24 21:40:52.340]FilePath:E:\雕刻机\项目\SDK\X64_BslApp5.2.6(20220930)\config\BslCAD.cfg
[2023-03-24 21:40:52.343]FilePath:E:\雕刻机\项目\SDK\X64_BslApp5.2.6(20220930)\config\LmcPar.cfg
[2023-03-24 21:40:52.347]corfile=E:\雕刻机\项目\SDK\X64_BslApp5.2.6(20220930)\sea.cor
[2023-03-24 21:40:52.362]CExecutor::GetDevPathMap size=0
[2023-03-24 21:41:13.685]FilePath:E:\雕刻机\项目\SDK\X64_BslApp5.2.6(20220930)\config\BslCAD.cfg
[2023-03-24 21:41:13.687]FilePath:E:\雕刻机\项目\SDK\X64_BslApp5.2.6(20220930)\config\LmcPar.cfg
[2023-03-24 21:41:13.691]corfile=E:\雕刻机\项目\SDK\X64_BslApp5.2.6(20220930)\sea.cor
[2023-03-24 21:41:13.706]CExecutor::GetDevPathMap size=0
[2023-03-24 21:43:32.361]FilePath:E:\雕刻机\项目\SDK\X64_BslApp5.2.6(20220930)\config\BslCAD.cfg
[2023-03-24 21:43:32.363]FilePath:E:\雕刻机\项目\SDK\X64_BslApp5.2.6(20220930)\config\LmcPar.cfg
[2023-03-24 21:43:32.366]corfile=E:\雕刻机\项目\SDK\X64_BslApp5.2.6(20220930)\sea.cor
[2023-03-24 21:43:32.381]CExecutor::GetDevPathMap size=0
